>>>> On date: Mon Mar 31 00:00:01 PM IST 2025
✅ Password changed for jethalal 
🔑 Password: (5MxHsYES)
📧 Email sent to jethalal 

✅ Password changed for gulabo 
🔑 Password: (WyOKa7ra)
📧 Email sent to gulabo 

✅ Password changed for babita 
🔑 Password: (wit3LSao)
📧 Email sent to babita 

Password change and email notification completed.


>>>> On date: Tue Apr  1 00:00:01 AM IST 2025
✅ Password changed for jethalal 
🔑 Password: (GHbIDKrP)
📧 Email sent to jethalal 

✅ Password changed for gulabo 
🔑 Password: (j4mhwUUo)
📧 Email sent to gulabo 

✅ Password changed for babita 
🔑 Password: (Rhv7WRY5)
📧 Email sent to babita 

Password change and email notification completed.


>>>> On date: Tue Apr  2 00:00:01 AM IST 2025
✅ Password changed for jethalal 
🔑 Password: (a2OxQLX1)
📧 Email sent to jethalal 

✅ Password changed for gulabo 
🔑 Password: (4ZRp4UjH)
📧 Email sent to gulabo 

✅ Password changed for babita 
🔑 Password: (5fIAn5VK)
📧 Email sent to babita

Password change and email notification completed.


>>>> On date: Mon Apr 14 00:00:01 AM IST 2025
✅ Password changed for jethalal 
🔑 Password: (bzuU3ePq)
📧 Email sent to jethalal 

✅ Password changed for gulabo 
🔑 Password: (f60vbXZE)
📧 Email sent to gulabo 

✅ Password changed for babita 
🔑 Password: (ek1qD3hh)
📧 Email sent to babita 

Password change and email notification completed.


>>>> On date: Mon Apr 14 00:00:01 AM IST 2025
✅ Password changed for jethalal 
🔑 Password: (hw0HCWh0)
📧 Email sent to jethalal 

✅ Password changed for gulabo 
🔑 Password: (BBnkcWFE)
📧 Email sent to gulabo 

✅ Password changed for babita 
🔑 Password: (HOUKEp9w)
📧 Email sent to babita 

Password change and email notification completed.


>>>> On date: Mon Apr 14 00:00:01 AM IST 2025
✅ Password changed for jethalal 
🔑 Password: (eUPz9RYI)
📧 Email sent to jethalal 

✅ Password changed for gulabo 
🔑 Password: (MovpqTVV)
📧 Email sent to gulabo 

✅ Password changed for babita 
🔑 Password: (7nzMEx6X)
📧 Email sent to babita 

Password change and email notification completed.